<?xml version="1.0" encoding="UTF-8"?>
<testsuite xmlns:xsi="http://www.w3.org/2001/XMLSchema-instance" xsi:noNamespaceSchemaLocation="https://maven.apache.org/surefire/maven-surefire-plugin/xsd/surefire-test-report.xsd" name="com.testrunner.Test_Runner" time="70.101" tests="35" errors="0" skipped="0" failures="0">
  <properties>
[...]
</properties>
  <testcase name="Given user Enter The Applicatin" classname="| bala | 1234 |" time="0.002"/>
  <testcase name="When user Enter The &quot;bala&quot; In Usernsme Field" classname="| bala | 1234 |" time="0"/>
  <testcase name="And user Enter The &quot;1234&quot; In Password Field" classname="| bala | 1234 |" time="0"/>
  <testcase name="Then user Click On The Login Button And It Navigate To Search Hotel Page" classname="| bala | 1234 |" time="0"/>
  <testcase name="| bala | 1234 |" classname="| bala | 1234 |" time="0.017"/>
  <testcase name="Given user Enter The Applicatin" classname="| Jayakumar | Jaya@1998 |" time="0"/>
  <testcase name="When user Enter The &quot;Jayakumar&quot; In Usernsme Field" classname="| Jayakumar | Jaya@1998 |" time="0"/>
  <testcase name="And user Enter The &quot;Jaya@1998&quot; In Password Field" classname="| Jayakumar | Jaya@1998 |" time="0"/>
  <testcase name="Then user Click On The Login Button And It Navigate To Search Hotel Page" classname="| Jayakumar | Jaya@1998 |" time="0"/>
  <testcase name="| Jayakumar | Jaya@1998 |" classname="| Jayakumar | Jaya@1998 |" time="0.001"/>
  <testcase name="When user Select The Location" classname="Scenario: search Hotel In Thispage" time="0"/>
  <testcase name="And user Select The Hotel" classname="Scenario: search Hotel In Thispage" time="0"/>
  <testcase name="And user Select The Roomtype" classname="Scenario: search Hotel In Thispage" time="0"/>
  <testcase name="And User Select The No Of Rooms" classname="Scenario: search Hotel In Thispage" time="0"/>
  <testcase name="And user Enter The Check In Date" classname="Scenario: search Hotel In Thispage" time="0"/>
  <testcase name="And user Enter The Check Out Date" classname="Scenario: search Hotel In Thispage" time="0"/>
  <testcase name="And user Select The Adults Per Room" classname="Scenario: search Hotel In Thispage" time="0"/>
  <testcase name="And user Select The Children Per Room" classname="Scenario: search Hotel In Thispage" time="0.001"/>
  <testcase name="Then user Click On The Search Button And It Navigate To Select Hotel" classname="Scenario: search Hotel In Thispage" time="0"/>
  <testcase name="Scenario: search Hotel In Thispage" classname="Scenario: search Hotel In Thispage" time="0.002"/>
  <testcase name="When user Select The Selected Hotel" classname="Scenario: select Hotel In Thispage" time="0"/>
  <testcase name="Then user Click On The Continue Button And It Navigate To Book A Hotel Page" classname="Scenario: select Hotel In Thispage" time="0"/>
  <testcase name="Scenario: select Hotel In Thispage" classname="Scenario: select Hotel In Thispage" time="0.039"/>
  <testcase name="When user Enter The Firstname In Firstname Field" classname="Scenario: book A Hotel" time="0"/>
  <testcase name="And user Enter The Lastname In Lastname Field" classname="Scenario: book A Hotel" time="0"/>
  <testcase name="And user Enter 	The Billing Address In Address Field" classname="Scenario: book A Hotel" time="0"/>
  <testcase name="And user Enter The Creaditcard Details" classname="Scenario: book A Hotel" time="0"/>
  <testcase name="And user Select The Creaditcard Type" classname="Scenario: book A Hotel" time="0"/>
  <testcase name="And user Select The Expiry Month" classname="Scenario: book A Hotel" time="0"/>
  <testcase name="And user Select The  Expiry Year" classname="Scenario: book A Hotel" time="0"/>
  <testcase name="And user Enter The Cvv Number" classname="Scenario: book A Hotel" time="0"/>
  <testcase name="Then user Click On The Booknow Button And It Navigate To Book Confirmation Page" classname="Scenario: book A Hotel" time="0"/>
  <testcase name="Scenario: book A Hotel" classname="Scenario: book A Hotel" time="0.001"/>
  <testcase name="Then user Click On The Myitinerary Button And It Navigate To Logout Page" classname="Scenario: confirm Booking" time="0"/>
  <testcase name="Scenario: confirm Booking" classname="Scenario: confirm Booking" time="0"/>
</testsuite>